<?xml version="1.0" encoding="UTF-8"?>
<testng-results ignored="1" total="3" passed="2" failed="0" skipped="0">
  <reporter-output>
  </reporter-output>
  <suite started-at="2022-06-21T22:50:35 IST" name="Default suite" finished-at="2022-06-21T22:50:44 IST" duration-ms="9523">
    <groups>
    </groups>
    <test started-at="2022-06-21T22:50:35 IST" name="Default test" finished-at="2022-06-21T22:50:44 IST" duration-ms="9523">
      <class name="Test.LoginPageTest">
        <test-method is-config="true" signature="browser()[pri:0, instance:Test.LoginPageTest@1e1a0406]" started-at="2022-06-21T22:50:35 IST" name="browser" finished-at="2022-06-21T22:50:41 IST" duration-ms="6380" status="PASS">
          <reporter-output>
          </reporter-output>
        </test-method> <!-- browser -->
        <test-method signature="LoginWithvalidCredentialsTest(java.lang.String,java.lang.String)[pri:0, instance:Test.LoginPageTest@1e1a0406]" started-at="2022-06-21T22:50:41 IST" name="LoginWithvalidCredentialsTest" data-provider="NameData" finished-at="2022-06-21T22:50:41 IST" duration-ms="393" status="PASS">
          <params>
            <param index="0">
              <value>
                <![CDATA[Rajik]]>
              </value>
            </param>
            <param index="1">
              <value>
                <![CDATA[Sheikh]]>
              </value>
            </param>
          </params>
          <reporter-output>
          </reporter-output>
        </test-method> <!-- LoginWithvalidCredentialsTest -->
        <test-method is-config="true" signature="browser()[pri:0, instance:Test.LoginPageTest@1e1a0406]" started-at="2022-06-21T22:50:41 IST" name="browser" finished-at="2022-06-21T22:50:44 IST" duration-ms="2281" status="PASS">
          <reporter-output>
          </reporter-output>
        </test-method> <!-- browser -->
        <test-method signature="LoginWithvalidCredentialsTest(java.lang.String,java.lang.String)[pri:0, instance:Test.LoginPageTest@1e1a0406]" started-at="2022-06-21T22:50:44 IST" name="LoginWithvalidCredentialsTest" data-provider="NameData" finished-at="2022-06-21T22:50:44 IST" duration-ms="344" status="PASS">
          <params>
            <param index="0">
              <value>
                <![CDATA[Rj]]>
              </value>
            </param>
            <param index="1">
              <value>
                <![CDATA[Empire]]>
              </value>
            </param>
          </params>
          <reporter-output>
          </reporter-output>
        </test-method> <!-- LoginWithvalidCredentialsTest -->
      </class> <!-- Test.LoginPageTest -->
    </test> <!-- Default test -->
  </suite> <!-- Default suite -->
</testng-results>
