<?xml version="1.0" encoding="UTF-8"?>
<!-- Generated by org.testng.reporters.JUnitXMLReporter -->
<testsuite ignored="1" hostname="RJ" failures="0" tests="2" name="Default test" time="9.523" errors="0" timestamp="2022-06-21T22:50:44 IST">
  <testcase classname="Test.LoginPageTest" name="LoginWithvalidCredentialsTest" time="0.393"/>
  <testcase classname="Test.LoginPageTest" name="LoginWithvalidCredentialsTest" time="0.344"/>
  <testcase classname="Test.LoginPageTest" name="Assert" time="0.0">
    <ignored/>
  </testcase> <!-- Assert -->
</testsuite> <!-- Default test -->
